Build started 2016/3/10 21:19:44.
     1>Project "D:\Gits\cpluspluspractice\Screen\Screen\Screen.vcxproj" on node 2 (Build target(s)).
     1>InitializeBuildStatus:
         Touching "Debug\Screen.tlog\unsuccessfulbuild".
       ClCompile:
         E:\vs2013\VC\bin\CL.exe /c /I"F:\公司\Visual Leak Detector\include" /ZI /nologo /W3 /WX- /sdl /Od /Oy- /D _MBCS /Gm /EHsc /RTC1 /MDd /GS /fp:precise /Zc:wchar_t /Zc:forScope /Fo"Debug\\" /Fd"Debug\vc120.pdb" /Gd /TP /analyze- /errorReport:prompt Screen.cpp main.cpp
         main.cpp
     1>d:\gits\cpluspluspractice\screen\screen\screen.h(27): warning C4812: obsolete declaration style: please use 'Screen<hi,wid>::Screen' instead
         Generating Code...
         Skipping... (no relevant changes detected)
         Screen.cpp
       Link:
         E:\vs2013\VC\bin\link.exe /ERRORREPORT:PROMPT /OUT:"D:\Gits\cpluspluspractice\Screen\Debug\Screen.exe" /INCREMENTAL /NOLOGO /LIBPATH:"F:\公司\Visual Leak Detector\lib\Win32" kernel32.lib user32.lib gdi32.lib winspool.lib comdlg32.lib advapi32.lib shell32.lib ole32.lib oleaut32.lib uuid.lib odbc32.lib odbccp32.lib /MANIFEST /MANIFESTUAC:"level='asInvoker' uiAccess='false'" /manifest:embed /DEBUG /PDB:"D:\Gits\cpluspluspractice\Screen\Debug\Screen.pdb" /TLBID:1 /DYNAMICBASE /NXCOMPAT /IMPLIB:"D:\Gits\cpluspluspractice\Screen\Debug\Screen.lib" /MACHINE:X86 Debug\main.obj
         Debug\Screen.obj
         Screen.vcxproj -> D:\Gits\cpluspluspractice\Screen\Debug\Screen.exe
       FinalizeBuildStatus:
         Deleting file "Debug\Screen.tlog\unsuccessfulbuild".
         Touching "Debug\Screen.tlog\Screen.lastbuildstate".
     1>Done Building Project "D:\Gits\cpluspluspractice\Screen\Screen\Screen.vcxproj" (Build target(s)).

Build succeeded.

Time Elapsed 00:00:00.81
